A D/SeqhoundTestSuite////
A D/asn////
A D/bind////
A D/bioperl////
A D/cgi////
A D/config////
A D/cvs-bioperl////
A D/db2////
A D/dbxref////
A D/domains////
A D/examples////
A D/gene////
A D/genomes////
A D/go////
A D/html////
A D/include////
A D/include_cxx////
A D/java////
A D/jsp////
A D/locuslink////
A D/names////
A D/package////
A D/parsers////
A D/patches////
A D/perl////
A D/prebind////
A D/release////
A D/rps////
A D/scripts////
A D/sql////
A D/sql_innodb////
A D/src////
A D/src_cxx////
A D/swissprot////
A D/taxon////
A D/test////
A D/text////
A D/tindex////
A D/updates////
A D/yeast////
