.:
bzlib.h
bzlib_private.h
comp_redund_db.h
comp_redund_db_p.h
CuTest.h
dbxref_odbc.h
dbxref_query.h
flinkset.h
go_db.h
go_db_misc.h
go_db_p.h
go_odbc.h
go_parser.h
go_query.h
hist_db.h
hist_db_p.h
hist_odbc.h
ilinkset.h
importtaxdb.h
intrez_cb.h
intrez_cfg.h
intrez_db.h
intrez_defs.h
intrez.h
intrez_misc.h
intrez_odbc.h
intrez_priv.h
ll_db.h
ll_db_misc.h
ll_db_p.h
ll_odbc.h
ll_parser.h
ll_query.h
names_odbc.h
NBlastasn.h
nblast_odbc.h
nbr_db.h
nbr_db_p.h
nbr.h
nbr_odbc.h
ncbiinc
objflinkset.h
objilinkset.h
objNBlastasn.h
objslrilibstruc.h
objslrilinkset.h
objslristruc.h
objslritax.h
polymerfix.h
redund_db.h
redund_db_p.h
rpsdbapi.h
rpsdb_db.h
rpsdb_odbc.h
seqhoundapi.h
seqhound.h
sgd_db.h
sgd_parser.h
slri_asn.h
slri_cb.h
slri_cluster.h
slri_cookie.h
slri_dagtree.h
slri_db2.h
slri_endec.h
slri.h
slrilibstruc.h
slrilinkset.h
slri_mail.h
slri_math.h
slri_misc.h
slri_mmdblocl.h
slri_odbc.h
slri_post.h
slri_prime.h
slri_rbtree.h
slri_set.h
slri_sstack.h
slri_stat.h
slristruc.h
slritax.h
slri_www.h
taxdb_cons.h
taxdb_db.h
taxdb_db_p.h
taxdb_enum.h
taxdb_enum_p.h
taxdb_odbc.h
y_db.h
y_parser.h

./ncbiinc:
a2ferrdf.h
a2ferr.h
a2fstruc.h
aacomp.h
accentr.h
accid1.h
accutils.h
actutils.h
algorend.h
alignloc.h
alignmgr2.h
alignmgr.h
alignval.h
aliparse.h
aliread.h
all.h
allpub.h
apparam.h
asn2ff6.h
asn2ffg.h
asn2ff.h
asn2ffp.h
asn2gnbi.h
asn2gnbk.h
asn2gnbp.h
asn2graphic.h
asn2graphicp.h
asnacces.h
asnalign.h
asnbibli.h
asnblock.h
asncode.h
asnent2.h
asnfdef.h
asnfeat.h
asngbseq.h
asngen.h
asn.h
asnid0.h
asninsdseq.h
asnloc.h
asnmdrs.h
asnmedli.h
asnmime.h
asnmim.h
asnmla.h
asnneten.h
asnproj.h
asnprt.h
asnpub.h
asnpubme.h
asnres.h
asnseq.h
asnsset.h
asnsubmt.h
asntax1.h
asntaxon.h
asntseq.h
bandalgn.h
binary.h
biosrc.h
blastconcatdef.h
blastconcat.h
blastdef.h
blast.h
blastkar.h
blastpat.h
blastpri.h
blocks.h
blstspc.h
blstxml.h
bspview.h
bxmlobj.h
casn.h
cdconfig.h
cddapi.h
cdd.h
cddposutil.h
cddsrv.h
cddutil.h
cdentrez.h
cdnewlib.h
cdrgn.h
cdrom.h
cdromlib.h
cn3dentr.h
cn3d.h
cn3dmain.h
cn3dmesh.h
cn3dmodl.h
cn3dmsel.h
cn3dmsg.h
cn3dopen.h
cn3dsave.h
cn3dshim.h
cn3dstyl.h
cn3dxprt.h
codon.h
connect
corematx.h
ctools
db_list.h
ddvclick.h
ddvcolor.h
ddvcreate.h
ddvgraph.h
ddvmain.h
ddvopen.h
ddvpanel.h
diagnost.h
dlogutil.h
document.h
dotmatrx.h
dotseq.h
dotviewer.h
drawingp.h
drawseq.h
dust.h
dvncode.h
echo_asn.h
edutil.h
ent2api.h
entrez2.h
entrez.h
errdefn.h
explore.h
fastadl.h
fdlKludge.h
fdlobj.h
fea2seg.h
ffprint.h
findrepl.h
FSpCompat.h
fstyle.h
fstylep.h
ftusrstr.h
FullPath.h
gapxdrop.h
gather.h
gbfeat.h
gbftdef.h
gbparlex.h
gifgen.h
glbpic.h
gphdraw.h
gtrdraw.h
gxydraw.h
id1arch.h
id1gen.h
id1.h
id1map.h
id2gen.h
id2.h
id2map.h
id2sgen.h
image.h
imagelst.h
import.h
ingenext.h
ingengraph.h
ingenwin.h
jsavlt.h
jzcoll.h
jzmisc.h
layout.h
lbapi.h
legend.h
list.h
lnfac.h
lookup.h
lsqfetch.h
mapcn3d.h
mapgene.h
mapmime.h
mapmla.h
mappingp.h
mapproj.h
mappubme.h
maputil.h
matrix.h
mbalign.h
mblast.h
mconsist.h
mdrcherr.h
medarch.h
medutil.h
medview.h
mimapi.h
mkbioseq.h
mmdb1.h
mmdb2.h
mmdb3.h
mmdbapi1.h
mmdbapi2.h
mmdbapi3.h
mmdbapi4.h
mmdbapi.h
mmdbdata.h
mmdblocl.h
MoreCarbonAccessors.h
MoreFilesExtras.h
MoreFilesX.h
motif.h
ncbibs.h
ncbibuf.h
ncbicli.h
ncbidraw.h
ncbienv.h
ncbierr.h
ncbifile.h
ncbigif.h
ncbi.h
ncbilang.h
ncbilcl.h
ncbimain.h
ncbimath.h
ncbimem.h
ncbimisc.h
ncbimsg.h
ncbinet.h
ncbiopt.h
ncbiport.h
ncbiprop.h
ncbisam.h
ncbisami.h
ncbisgml.h
ncbisock.h
ncbisort.h
ncbisrti.h
ncbistd.h
ncbistr.h
ncbithr.h
ncbitime.h
ncbiurl.h
ncbiwin.h
ncbiwww.h
needleman.h
netblap3.h
netcnfg.h
netentr.h
netlib.h
netpriv.h
netscape.h
ni_asn.h
ni_defin.h
ni_encr.h
ni_error.h
ni_lib_.h
ni_lib.h
ni_list.h
ni_msg.h
ni_net.h
ni_types.h
objacces.h
objalign.h
objalignloc.h
objall.h
objbibli.h
objblock.h
objblst3.h
objcdd.h
objcn3d.h
objcode.h
objent2.h
objentr.h
objfdef.h
objfeat.h
objgbseq.h
objgen.h
objinsdseq.h
objloc.h
objmdrs.h
objmedli.h
objmgr.h
objmime.h
objmim.h
objmla.h
objmmdb1.h
objmmdb2.h
objmmdb3.h
objneten.h
objproj.h
objprt.h
objpubd.h
objpub.h
objpubme.h
objres.h
objscoremat.h
objseq.h
objspell.h
objsset.h
objsub.h
objtax1.h
objtseq.h
odlbox.h
OptimizationEnd.h
Optimization.h
panels.h
parsegb.h
pcre_config.h
pcre.h
pcre_internal.h
pcreposix.h
pdiagnos.h
pgppop.h
pictur3d.h
picture.h
picturep.h
pmfapi.h
pobutil.h
posit.h
ppict3d.h
profiles.h
prtgene.h
prtutil.h
prunebsc.h
pubdesc.h
puberr.h
PubStructAsn.h
qblastapi.h
readdb.h
regex.h
rpsutil.h
saldist.h
saled.h
saledit.h
salfiles.h
salign.h
salmedia.h
salogif.h
salpacc.h
salpanel.h
salparam.h
salpedit.h
salprop.h
salpstat.h
salptool.h
salsa.h
salsap.h
salstruc.h
salutil.h
samutil.h
satutil.h
scoremat.h
sdisplay.h
sec.h
seed.h
seg.h
seqanal.h
seqcons.h
seqfltr.h
seqgraph.h
seqgrphx.h
seqmgr.h
seqmtrx.h
seqpanel.h
seqpcc.h
seqport.h
seqscrl.h
seqsplit.h
seqsub.h
sequtil.h
shim3d.h
simple.h
simutil.h
spellapi.h
spell.h
spidey.h
splutil.h
sqnutils.h
strimprt.h
strucapi.h
stsutil.h
subutil.h
suggapi.h
suggen.h
suggest.h
suggslp.h
sugmap.h
sugprefx.h
tax1map.h
taxblast.h
taxext.h
taxinc.h
taxon1.h
taxuerr.h
taxutil.h
terr.h
tfuns.h
thrdatd.h
thrddecl.h
toasn3.h
tofasta.h
tofile.h
tomedlin.h
toporg.h
tree.h
treemgr.h
treeview.h
treevint.h
tsprintf.h
txalign.h
txclient.h
txcommon.h
udvdef.h
udviewer.h
udvseq.h
undefwin.h
urkbias.h
urkcnsrt.h
urkdust.h
urkepi.h
urkfltr.h
urkgraph.h
urkpcc.h
urkptpf.h
urksigu.h
urktree.h
urkutil.h
urlquery.h
utilpars.h
utilpub.h
validatr.h
validerr.h
valid.h
vast2cn3d.h
vast2mage.h
vast2pdb.h
vastlocl.h
vastsrv.h
vecscnapi.h
vecscrn.h
vibdefns.h
vibfltr.h
vibforms.h
vibgraph.h
vibincld.h
vibmouse.h
vibpcc.h
vibprocs.h
vibrant.h
vibrgb.h
vibtree.h
vibtypes.h
viewer3d.h
viewer.h
viewerp.h
viewmgr.h
vsmfile.h
vsm.h
vsmpriv.h
vsmutil.h
wrpsb.h
wrpsbtool.h
wwwblast.h
xmlblast.h

./ncbiinc/connect:
connect_export.h
ncbi_ansi_ext.h
ncbi_buffer.h
ncbi_comm.h
ncbi_config.h
ncbi_connection.h
ncbi_connector.h
ncbi_connutil.h
ncbi_core_c.h
ncbi_core.h
ncbi_dispd.h
ncbi_file_connector.h
ncbi_heapmgr.h
ncbi_host_info.h
ncbi_host_infop.h
ncbi_http_connector.h
ncbi_lbsmd.h
ncbi_memory_connector.h
ncbi_priv.h
ncbi_sendmail.h
ncbi_server_info.h
ncbi_server_infop.h
ncbi_service_connector.h
ncbi_service.h
ncbi_servicep.h
ncbi_socket_connector.h
ncbi_socket.h
ncbi_types.h
ncbi_util.h

./ncbiinc/ctools:
asn_connection.h
